<?xml version="1.0" encoding="UTF-8"?>
<!-- Generated by org.testng.reporters.JUnitReportReporter -->
<testsuite hostname="LAPTOP-DLQ7O307" failures="0" tests="2" name="com.crm.qa.testcases.HomePageTest" time="38.747" errors="0" timestamp="2020-10-12T15:46:14 IST" skipped="0">
  <testcase classname="com.crm.qa.testcases.HomePageTest" name="verifyUserNameTitle" time="21.579"/>
  <system-out/>
  <testcase classname="com.crm.qa.testcases.HomePageTest" name="testClickOnContact" time="17.168"/>
  <system-out/>
</testsuite> <!-- com.crm.qa.testcases.HomePageTest -->
