<?xml version="1.0" encoding="UTF-8"?>
<!-- Generated by org.testng.reporters.JUnitReportReporter -->
<testsuite hostname="LAPTOP-DLQ7O307" failures="0" tests="1" name="com.crm.qa.testcases.TestContactPage" time="17.418" errors="0" timestamp="2020-10-12T15:46:14 IST" skipped="0">
  <testcase classname="com.crm.qa.testcases.TestContactPage" name="testNewBtn" time="17.418"/>
  <system-out/>
</testsuite> <!-- com.crm.qa.testcases.TestContactPage -->
