<?xml version="1.0" encoding="UTF-8"?>
<!-- Generated by org.testng.reporters.JUnitReportReporter -->
<testsuite hostname="LAPTOP-DLQ7O307" failures="0" tests="2" name="com.crm.qa.testcases.LoginPageTest" time="50.501" errors="0" timestamp="2020-10-12T15:46:14 IST" skipped="0">
  <testcase classname="com.crm.qa.testcases.LoginPageTest" name="loginPageTitleTest" time="22.444"/>
  <system-out/>
  <testcase classname="com.crm.qa.testcases.LoginPageTest" name="login" time="28.057"/>
  <system-out/>
</testsuite> <!-- com.crm.qa.testcases.LoginPageTest -->
